<?xml version="1.0" encoding="UTF-8"?>
<testng-results skipped="0" failed="0" ignored="0" total="1" passed="1">
  <reporter-output>
  </reporter-output>
  <suite name="Default suite" duration-ms="12743" started-at="2020-12-08T04:43:24Z" finished-at="2020-12-08T04:43:37Z">
    <groups>
    </groups>
    <test name="Default test" duration-ms="12743" started-at="2020-12-08T04:43:24Z" finished-at="2020-12-08T04:43:37Z">
      <class name="com.acti.testcase.TC002_CreateCustomer">
        <test-method status="PASS" signature="preCondition()[pri:0, instance:com.acti.testcase.TC002_CreateCustomer@6eebc39e]" name="preCondition" is-config="true" duration-ms="8037" started-at="2020-12-08T04:43:24Z" finished-at="2020-12-08T04:43:32Z">
          <reporter-output>
          </reporter-output>
        </test-method> <!-- preCondition -->
        <test-method status="PASS" signature="testCreateCustomer()[pri:0, instance:com.acti.testcase.TC002_CreateCustomer@6eebc39e]" name="testCreateCustomer" duration-ms="4008" started-at="2020-12-08T04:43:32Z" finished-at="2020-12-08T04:43:36Z">
          <reporter-output>
          </reporter-output>
        </test-method> <!-- testCreateCustomer -->
        <test-method status="PASS" signature="postCondition()[pri:0, instance:com.acti.testcase.TC002_CreateCustomer@6eebc39e]" name="postCondition" is-config="true" duration-ms="674" started-at="2020-12-08T04:43:36Z" finished-at="2020-12-08T04:43:37Z">
          <reporter-output>
          </reporter-output>
        </test-method> <!-- postCondition -->
      </class> <!-- com.acti.testcase.TC002_CreateCustomer -->
    </test> <!-- Default test -->
  </suite> <!-- Default suite -->
</testng-results>
