<?xml version="1.0" encoding="UTF-8"?>
<testng-results skipped="0" failed="0" ignored="0" total="2" passed="2">
  <reporter-output>
  </reporter-output>
  <suite name="Default suite" duration-ms="19645" started-at="2020-12-07T19:52:46Z" finished-at="2020-12-07T19:53:05Z">
    <groups>
    </groups>
    <test name="Default test" duration-ms="19645" started-at="2020-12-07T19:52:46Z" finished-at="2020-12-07T19:53:05Z">
      <class name="com.acti.testcase.TC001_LoginTest">
        <test-method status="PASS" signature="preCondition()[pri:0, instance:com.acti.testcase.TC001_LoginTest@4dfa3a9d]" name="preCondition" is-config="true" duration-ms="9166" started-at="2020-12-07T19:52:46Z" finished-at="2020-12-07T19:52:55Z">
          <reporter-output>
          </reporter-output>
        </test-method> <!-- preCondition -->
        <test-method status="PASS" signature="testLoginFuntion()[pri:0, instance:com.acti.testcase.TC001_LoginTest@4dfa3a9d]" name="testLoginFuntion" duration-ms="271" started-at="2020-12-07T19:52:55Z" finished-at="2020-12-07T19:52:55Z">
          <reporter-output>
          </reporter-output>
        </test-method> <!-- testLoginFuntion -->
        <test-method status="PASS" signature="postCondition()[pri:0, instance:com.acti.testcase.TC001_LoginTest@4dfa3a9d]" name="postCondition" is-config="true" duration-ms="753" started-at="2020-12-07T19:52:55Z" finished-at="2020-12-07T19:52:56Z">
          <reporter-output>
          </reporter-output>
        </test-method> <!-- postCondition -->
        <test-method status="PASS" signature="preCondition()[pri:0, instance:com.acti.testcase.TC001_LoginTest@4dfa3a9d]" name="preCondition" is-config="true" duration-ms="8662" started-at="2020-12-07T19:52:56Z" finished-at="2020-12-07T19:53:05Z">
          <reporter-output>
          </reporter-output>
        </test-method> <!-- preCondition -->
        <test-method status="PASS" signature="testVerifyLogoDisplayed()[pri:0, instance:com.acti.testcase.TC001_LoginTest@4dfa3a9d]" name="testVerifyLogoDisplayed" duration-ms="114" started-at="2020-12-07T19:53:05Z" finished-at="2020-12-07T19:53:05Z">
          <reporter-output>
          </reporter-output>
        </test-method> <!-- testVerifyLogoDisplayed -->
        <test-method status="PASS" signature="postCondition()[pri:0, instance:com.acti.testcase.TC001_LoginTest@4dfa3a9d]" name="postCondition" is-config="true" duration-ms="655" started-at="2020-12-07T19:53:05Z" finished-at="2020-12-07T19:53:05Z">
          <reporter-output>
          </reporter-output>
        </test-method> <!-- postCondition -->
      </class> <!-- com.acti.testcase.TC001_LoginTest -->
    </test> <!-- Default test -->
  </suite> <!-- Default suite -->
</testng-results>
